

HI-TECH Software PIC LITE Macro Assembler V9.81 build 7503 
                                                                                               Sat Jun 17 15:20:38 2017

HI-TECH Software Omniscient Code Generator (Lite mode) build 7503
     1  0000                     opt subtitle "HI-TECH Software Omniscient Code Generator (Lite mode) build 7503"
     2                           
     3                           opt pagewidth 120
     4                           
     5                           	opt lm
     6                           
     7                           	processor	16F887
     8                           clrc	macro
     9                           	bcf	3,0
    10  0000                     	endm
    11                           clrz	macro
    12                           	bcf	3,2
    13  0000                     	endm
    14                           setc	macro
    15                           	bsf	3,0
    16  0000                     	endm
    17                           setz	macro
    18                           	bsf	3,2
    19  0000                     	endm
    20                           skipc	macro
    21                           	btfss	3,0
    22  0000                     	endm
    23                           skipz	macro
    24                           	btfss	3,2
    25  0000                     	endm
    26                           skipnc	macro
    27                           	btfsc	3,0
    28  0000                     	endm
    29                           skipnz	macro
    30                           	btfsc	3,2
    31  0000                     	endm
    32  0000                     indf	equ	0
    33  0000                     indf0	equ	0
    34  0002                     pc	equ	2
    35  0002                     pcl	equ	2
    36  0003                     status	equ	3
    37  0004                     fsr	equ	4
    38  0004                     fsr0	equ	4
    39  0001                     c	equ	1
    40  0000                     z	equ	0
    41  000A                     pclath	equ	10
    42                           	FNROOT	_main
    43                           	global	_PORTC
    44                           psect	maintext,global,class=CODE,delta=2
    45                           global __pmaintext
    46  07CB                     __pmaintext:
    47  0007                     _PORTC	set	7
    48                           	global	_PORTD
    49  0008                     _PORTD	set	8
    50                           	global	_RC0
    51  0038                     _RC0	set	56
    52                           	global	_RD0
    53  0040                     _RD0	set	64
    54                           	global	_TRISC
    55  0087                     _TRISC	set	135
    56                           	global	_TRISD
    57  0088                     _TRISD	set	136
    58                           	file	"switch.as"
    59                           	line	#
    60                           psect cinit,class=CODE,delta=2
    61                           global start_initialization
    62  07C7                     start_initialization:
    63                           
    64                           psect cinit,class=CODE,delta=2
    65                           global end_of_initialization
    66                           
    67                           ;End of C runtime variable initialization code
    68                           
    69  07C7                     end_of_initialization:
    70  07C7  0183               clrf status
    71  07C8  120A  118A  2FCB   ljmp _main	;jump to C main() function
    72                           psect	cstackCOMMON,class=COMMON,space=1
    73                           global __pcstackCOMMON
    74  0070                     __pcstackCOMMON:
    75                           	global	?_main
    76  0070                     ?_main:	; 0 bytes @ 0x0
    77                           	global	??_main
    78  0070                     ??_main:	; 0 bytes @ 0x0
    79                           	global	main@ctr
    80  0070                     main@ctr:	; 2 bytes @ 0x0
    81  0070                     	ds	2
    82 ;;Data sizes: Strings 0, constant 0, data 0, bss 0, persistent 0 stack 0
    83 ;;Auto spaces:   Size  Autos    Used
    84 ;; COMMON          14      2       2
    85 ;; BANK0           80      0       0
    86 ;; BANK1           80      0       0
    87 ;; BANK3           96      0       0
    88 ;; BANK2           96      0       0
    89                           
    90 ;;
    91 ;; Pointer list with targets:
    92                           
    93                           
    94                           
    95 ;;
    96 ;; Critical Paths under _main in COMMON
    97 ;;
    98 ;;   None.
    99 ;;
   100 ;; Critical Paths under _main in BANK0
   101 ;;
   102 ;;   None.
   103 ;;
   104 ;; Critical Paths under _main in BANK1
   105 ;;
   106 ;;   None.
   107 ;;
   108 ;; Critical Paths under _main in BANK3
   109 ;;
   110 ;;   None.
   111 ;;
   112 ;; Critical Paths under _main in BANK2
   113 ;;
   114 ;;   None.
   115                           
   116 ;;
   117 ;;Main: autosize = 0, tempsize = 0, incstack = 0, save=0
   118 ;;
   119                           
   120 ;;
   121 ;;Call Graph Tables:
   122 ;;
   123 ;; ---------------------------------------------------------------------------------
   124 ;; (Depth) Function   	        Calls       Base Space   Used Autos Params    Refs
   125 ;; ---------------------------------------------------------------------------------
   126 ;; (0) _main                                                 2     2      0      30
   127 ;;                                              0 COMMON     2     2      0
   128 ;; ---------------------------------------------------------------------------------
   129 ;; Estimated maximum stack depth 0
   130 ;; ---------------------------------------------------------------------------------
   131                           
   132 ;; Call Graph Graphs:
   133                           
   134 ;; _main (ROOT)
   135 ;;
   136                           
   137 ;; Address spaces:
   138                           
   139 ;;Name               Size   Autos  Total    Cost      Usage
   140 ;;BITCOMMON            E      0       0       0        0.0%
   141 ;;EEDATA             100      0       0       0        0.0%
   142 ;;NULL                 0      0       0       0        0.0%
   143 ;;CODE                 0      0       0       0        0.0%
   144 ;;COMMON               E      2       2       1       14.3%
   145 ;;BITSFR0              0      0       0       1        0.0%
   146 ;;SFR0                 0      0       0       1        0.0%
   147 ;;BITSFR1              0      0       0       2        0.0%
   148 ;;SFR1                 0      0       0       2        0.0%
   149 ;;STACK                0      0       0       2        0.0%
   150 ;;ABS                  0      0       0       3        0.0%
   151 ;;BITBANK0            50      0       0       4        0.0%
   152 ;;BITSFR3              0      0       0       4        0.0%
   153 ;;SFR3                 0      0       0       4        0.0%
   154 ;;BANK0               50      0       0       5        0.0%
   155 ;;BITSFR2              0      0       0       5        0.0%
   156 ;;SFR2                 0      0       0       5        0.0%
   157 ;;BITBANK1            50      0       0       6        0.0%
   158 ;;BANK1               50      0       0       7        0.0%
   159 ;;BITBANK3            60      0       0       8        0.0%
   160 ;;BANK3               60      0       0       9        0.0%
   161 ;;BITBANK2            60      0       0      10        0.0%
   162 ;;BANK2               60      0       0      11        0.0%
   163 ;;DATA                 0      0       0      12        0.0%
   164                           
   165                           	global	_main
   166                           psect	maintext
   167                           
   168 ;; *************** function _main *****************
   169 ;; Defined at:
   170 ;;		line 12 in file "Z:\home\shivesh\Proteus 7.7 Professional\PROJECTS\Training_Project\Code\switch\sw4.c"
   171 ;; Parameters:    Size  Location     Type
   172 ;;		None
   173 ;; Auto vars:     Size  Location     Type
   174 ;;  ctr             2    0[COMMON] int 
   175 ;; Return value:  Size  Location     Type
   176 ;;		None               void
   177 ;; Registers used:
   178 ;;		wreg, status,2, status,0
   179 ;; Tracked objects:
   180 ;;		On entry : 17F/0
   181 ;;		On exit  : 0/0
   182 ;;		Unchanged: 0/0
   183 ;; Data sizes:     COMMON   BANK0   BANK1   BANK3   BANK2
   184 ;;      Params:         0       0       0       0       0
   185 ;;      Locals:         2       0       0       0       0
   186 ;;      Temps:          0       0       0       0       0
   187 ;;      Totals:         2       0       0       0       0
   188 ;;Total ram usage:        2 bytes
   189 ;; This function calls:
   190 ;;		Nothing
   191 ;; This function is called by:
   192 ;;		Startup code after reset
   193 ;; This function uses a non-reentrant model
   194 ;;
   195                           psect	maintext
   196                           	file	"Z:\home\shivesh\Proteus 7.7 Professional\PROJECTS\Training_Project\Code\switch\sw
                                 4.c"
   197                           	line	12
   198                           	global	__size_of_main
   199  0035                     	__size_of_main	equ	__end_of_main-_main
   200                           	
   201  07CB                     _main:	
   202                           	opt	stack 8
   203                           ; Regs used in _main: [wreg+status,2+status,0]
   204                           	line	13
   205                           	
   206  07CB                     l1403:	
   207                           ;sw4.c: 13: int ctr=0;
   208  07CB  01F0               	clrf	(main@ctr)
   209  07CC  01F1               	clrf	(main@ctr+1)
   210                           	line	14
   211                           ;sw4.c: 14: TRISC=0x00;
   212  07CD  1683               	bsf	status, 5	;RP0=1, select bank1
   213  07CE  1303               	bcf	status, 6	;RP1=0, select bank1
   214  07CF  0187               	clrf	(135)^080h	;volatile
   215                           	line	15
   216                           	
   217  07D0                     l1405:	
   218                           ;sw4.c: 15: TRISD=0xFF;
   219  07D0  30FF               	movlw	(0FFh)
   220  07D1  0088               	movwf	(136)^080h	;volatile
   221                           	line	17
   222                           	
   223  07D2                     l1407:	
   224                           ;sw4.c: 17: PORTC=0x00;
   225  07D2  1283               	bcf	status, 5	;RP0=0, select bank0
   226  07D3  1303               	bcf	status, 6	;RP1=0, select bank0
   227  07D4  0187               	clrf	(7)	;volatile
   228                           	line	18
   229                           	
   230  07D5                     l1409:	
   231                           ;sw4.c: 18: PORTD=0x00;
   232  07D5  0188               	clrf	(8)	;volatile
   233  07D6  2FD7               	goto	l1411
   234                           	line	20
   235                           ;sw4.c: 20: while(1){
   236                           	
   237  07D7                     l1025:	
   238                           	line	22
   239                           	
   240  07D7                     l1411:	
   241                           ;sw4.c: 22: if(RD0==1)
   242  07D7  1C08               	btfss	(64/8),(64)&7
   243  07D8  2FDA               	goto	u11
   244  07D9  2FDB               	goto	u10
   245  07DA                     u11:
   246  07DA  2FF1               	goto	l1421
   247  07DB                     u10:
   248  07DB  2FDD               	goto	l1027
   249                           	line	24
   250                           	
   251  07DC                     l1413:	
   252                           ;sw4.c: 23: {
   253                           ;sw4.c: 24: while(RD0);
   254  07DC  2FDD               	goto	l1027
   255                           	
   256  07DD                     l1028:	
   257                           	
   258  07DD                     l1027:	
   259  07DD  1808               	btfsc	(64/8),(64)&7
   260  07DE  2FE0               	goto	u21
   261  07DF  2FE1               	goto	u20
   262  07E0                     u21:
   263  07E0  2FDD               	goto	l1027
   264  07E1                     u20:
   265  07E1  2FE2               	goto	l1415
   266                           	
   267  07E2                     l1029:	
   268                           	line	25
   269                           	
   270  07E2                     l1415:	
   271                           ;sw4.c: 25: if(ctr==0)
   272  07E2  0871               	movf	((main@ctr+1)),w
   273  07E3  0470               	iorwf	((main@ctr)),w
   274  07E4  1D03               	skipz
   275  07E5  2FE7               	goto	u31
   276  07E6  2FE8               	goto	u30
   277  07E7                     u31:
   278  07E7  2FED               	goto	l1419
   279  07E8                     u30:
   280                           	line	27
   281                           	
   282  07E8                     l1417:	
   283                           ;sw4.c: 26: {
   284                           ;sw4.c: 27: ctr=1;
   285  07E8  3001               	movlw	low(01h)
   286  07E9  00F0               	movwf	(main@ctr)
   287  07EA  3000               	movlw	high(01h)
   288  07EB  00F1               	movwf	((main@ctr))+1
   289                           	line	28
   290                           ;sw4.c: 28: }
   291  07EC  2FF1               	goto	l1421
   292                           	line	29
   293                           	
   294  07ED                     l1030:	
   295                           	line	30
   296                           	
   297  07ED                     l1419:	
   298                           ;sw4.c: 29: else{
   299                           ;sw4.c: 30: ctr=0;
   300  07ED  01F0               	clrf	(main@ctr)
   301  07EE  01F1               	clrf	(main@ctr+1)
   302  07EF  2FF1               	goto	l1421
   303                           	line	31
   304                           	
   305  07F0                     l1031:	
   306  07F0  2FF1               	goto	l1421
   307                           	line	34
   308                           	
   309  07F1                     l1026:	
   310                           	line	36
   311                           	
   312  07F1                     l1421:	
   313                           ;sw4.c: 31: }
   314                           ;sw4.c: 34: }
   315                           ;sw4.c: 36: RC0=ctr;
   316  07F1  1870               	btfsc	(main@ctr),0
   317  07F2  2FF4               	goto	u41
   318  07F3  2FF8               	goto	u40
   319                           	
   320  07F4                     u41:
   321  07F4  1283               	bcf	status, 5	;RP0=0, select bank0
   322  07F5  1303               	bcf	status, 6	;RP1=0, select bank0
   323  07F6  1407               	bsf	(56/8),(56)&7
   324  07F7  2FFB               	goto	u54
   325  07F8                     u40:
   326  07F8  1283               	bcf	status, 5	;RP0=0, select bank0
   327  07F9  1303               	bcf	status, 6	;RP1=0, select bank0
   328  07FA  1007               	bcf	(56/8),(56)&7
   329  07FB                     u54:
   330  07FB  2FD7               	goto	l1411
   331                           	line	37
   332                           	
   333  07FC                     l1032:	
   334                           	line	20
   335  07FC  2FD7               	goto	l1411
   336                           	
   337  07FD                     l1033:	
   338                           	line	43
   339                           	
   340  07FD                     l1034:	
   341                           	global	start
   342  07FD  120A  118A  2800   	ljmp	start
   343                           	opt stack 0
   344                           GLOBAL	__end_of_main
   345  0800                     	__end_of_main:
   346 ;; =============== function _main ends ============
   347                           
   348                           	signat	_main,88
   349                           psect	maintext
   350                           	global	btemp
   351  007E                     	btemp set 07Eh
   352                           
   353                           	DABS	1,126,2	;btemp
   354                           	global	wtemp0
   355  007E                     	wtemp0 set btemp


HI-TECH Software PICC Macro Assembler V9.81 build 7503 
Symbol Table                                                                                   Sat Jun 17 15:20:38 2017

                  u10 07DB                    u11 07DA                    u20 07E1                    u21 07E0  
                  u30 07E8                    u31 07E7                    u40 07F8                    u41 07F4  
                  u54 07FB                   _RC0 0038                   _RD0 0040                  l1030 07ED  
                l1031 07F0                  l1032 07FC                  l1033 07FD                  l1025 07D7  
                l1034 07FD                  l1026 07F1                  l1027 07DD                  l1028 07DD  
                l1029 07E2                  l1411 07D7                  l1403 07CB                  l1413 07DC  
                l1421 07F1                  l1405 07D0                  l1415 07E2                  l1407 07D2  
                l1417 07E8                  l1409 07D5                  l1419 07ED                  _main 07CB  
                btemp 007E                  start 0000                 ?_main 0070                 _PORTC 0007  
               _PORTD 0008                 _TRISC 0087                 _TRISD 0088                 status 0003  
               wtemp0 007E          __end_of_main 0800                ??_main 0070        __pcstackCOMMON 0070  
          __pmaintext 07CB               main@ctr 0070  end_of_initialization 07C7   start_initialization 07C7  
       __size_of_main 0035  
