

HI-TECH Software PIC LITE Macro Assembler V9.81 build 7503 
                                                                                               Sat Jul 22 10:59:04 2017

HI-TECH Software Omniscient Code Generator (Lite mode) build 7503
     1  0000                     opt subtitle "HI-TECH Software Omniscient Code Generator (Lite mode) build 7503"
     2                           
     3                           opt pagewidth 120
     4                           
     5                           	opt lm
     6                           
     7                           	processor	16F887
     8                           clrc	macro
     9                           	bcf	3,0
    10  0000                     	endm
    11                           clrz	macro
    12                           	bcf	3,2
    13  0000                     	endm
    14                           setc	macro
    15                           	bsf	3,0
    16  0000                     	endm
    17                           setz	macro
    18                           	bsf	3,2
    19  0000                     	endm
    20                           skipc	macro
    21                           	btfss	3,0
    22  0000                     	endm
    23                           skipz	macro
    24                           	btfss	3,2
    25  0000                     	endm
    26                           skipnc	macro
    27                           	btfsc	3,0
    28  0000                     	endm
    29                           skipnz	macro
    30                           	btfsc	3,2
    31  0000                     	endm
    32  0000                     indf	equ	0
    33  0000                     indf0	equ	0
    34  0002                     pc	equ	2
    35  0002                     pcl	equ	2
    36  0003                     status	equ	3
    37  0004                     fsr	equ	4
    38  0004                     fsr0	equ	4
    39  0001                     c	equ	1
    40  0000                     z	equ	0
    41  000A                     pclath	equ	10
    42                           	FNCALL	_main,_delay
    43                           	FNROOT	_main
    44                           	global	main@F1602
    45                           psect	idataBANK0,class=CODE,space=0,delta=2
    46                           global __pidataBANK0
    47  0738                     __pidataBANK0:
    48                           	file	"Z:\home\shivesh\Proteus 7.7 Professional\BIN\PROJECTS\Training_Project\Code\uart\
                                 uart_tx.c"
    49                           	line	19
    50                           
    51                           ;initializer for main@F1602
    52  0738  34BF               	retlw	0BFh
    53  0739  3486               	retlw	086h
    54  073A  34DB               	retlw	0DBh
    55  073B  34CF               	retlw	0CFh
    56  073C  34E6               	retlw	0E6h
    57  073D  34ED               	retlw	0EDh
    58  073E  34FD               	retlw	0FDh
    59  073F  3487               	retlw	087h
    60  0740  34FF               	retlw	0FFh
    61  0741  34EF               	retlw	0EFh
    62                           	global	_TXREG
    63  0019                     _TXREG	set	25
    64                           	global	_SPEN
    65  00C7                     _SPEN	set	199
    66                           	global	_TXIF
    67  0064                     _TXIF	set	100
    68                           	global	_SPBRG
    69  0099                     _SPBRG	set	153
    70                           	global	_TXSTA
    71  0098                     _TXSTA	set	152
    72                           	file	"uart.as"
    73                           	line	#
    74                           psect cinit,class=CODE,delta=2
    75                           global start_initialization
    76  0753                     start_initialization:
    77                           
    78                           psect	dataBANK0,class=BANK0,space=1
    79                           global __pdataBANK0
    80  002C                     __pdataBANK0:
    81                           	file	"Z:\home\shivesh\Proteus 7.7 Professional\BIN\PROJECTS\Training_Project\Code\uart\
                                 uart_tx.c"
    82  002C                     main@F1602:
    83  002C                            ds      10
    84                           
    85                           global btemp
    86                           psect inittext,class=CODE,delta=2
    87                           global init_fetch,btemp
    88                           ;	Called with low address in FSR and high address in W
    89  0742                     init_fetch:
    90  0742  087E               	movf btemp,w
    91  0743  008A               	movwf pclath
    92  0744  087F               	movf btemp+1,w
    93  0745  0082               	movwf pc
    94                           global init_ram
    95                           ;Called with:
    96                           ;	high address of idata address in btemp 
    97                           ;	low address of idata address in btemp+1 
    98                           ;	low address of data in FSR
    99                           ;	high address + 1 of data in btemp-1
   100  0746                     init_ram:
   101  0746  2742  120A  118A   	fcall init_fetch
   102  0749  0080               	movwf indf,f
   103  074A  0A84               	incf fsr,f
   104  074B  0804               	movf fsr,w
   105  074C  067D               	xorwf btemp-1,w
   106  074D  1903               	btfsc status,2
   107  074E  3400               	retlw 0
   108  074F  0AFF               	incf btemp+1,f
   109  0750  1903               	btfsc status,2
   110  0751  0AFE               	incf btemp,f
   111  0752  2F46               	goto init_ram
   112                           ; Initialize objects allocated to BANK0
   113                           psect cinit,class=CODE,delta=2
   114                           global init_ram, __pidataBANK0
   115  0753  1383               	bcf	status, 7	;select IRP bank0
   116  0754  3036               	movlw low(__pdataBANK0+10)
   117  0755  00FD               	movwf btemp-1,f
   118  0756  3007               	movlw high(__pidataBANK0)
   119  0757  00FE               	movwf btemp,f
   120  0758  3038               	movlw low(__pidataBANK0)
   121  0759  00FF               	movwf btemp+1,f
   122  075A  302C               	movlw low(__pdataBANK0)
   123  075B  0084               	movwf fsr,f
   124  075C  120A  118A  2746   	fcall init_ram
              120A  118A         
   125                           psect cinit,class=CODE,delta=2
   126                           global end_of_initialization
   127                           
   128                           ;End of C runtime variable initialization code
   129                           
   130  0761                     end_of_initialization:
   131  0761  0183               clrf status
   132  0762  120A  118A  2F97   ljmp _main	;jump to C main() function
   133                           psect	cstackCOMMON,class=COMMON,space=1
   134                           global __pcstackCOMMON
   135  0070                     __pcstackCOMMON:
   136                           	global	?_delay
   137  0070                     ?_delay:	; 0 bytes @ 0x0
   138                           	global	?_main
   139  0070                     ?_main:	; 0 bytes @ 0x0
   140                           	global	delay@x
   141  0070                     delay@x:	; 4 bytes @ 0x0
   142  0070                     	ds	4
   143                           	global	??_delay
   144  0074                     ??_delay:	; 0 bytes @ 0x4
   145  0074                     	ds	4
   146                           	global	??_main
   147  0078                     ??_main:	; 0 bytes @ 0x8
   148  0078                     	ds	4
   149                           psect	cstackBANK0,class=BANK0,space=1
   150                           global __pcstackBANK0
   151  0020                     __pcstackBANK0:
   152                           	global	main@a
   153  0020                     main@a:	; 10 bytes @ 0x0
   154  0020                     	ds	10
   155                           	global	main@i
   156  002A                     main@i:	; 2 bytes @ 0xA
   157  002A                     	ds	2
   158 ;;Data sizes: Strings 0, constant 0, data 10, bss 0, persistent 0 stack 0
   159 ;;Auto spaces:   Size  Autos    Used
   160 ;; COMMON          14     12      12
   161 ;; BANK0           80     12      22
   162 ;; BANK1           80      0       0
   163 ;; BANK3           96      0       0
   164 ;; BANK2           96      0       0
   165                           
   166 ;;
   167 ;; Pointer list with targets:
   168                           
   169                           
   170                           
   171 ;;
   172 ;; Critical Paths under _main in COMMON
   173 ;;
   174 ;;   _main->_delay
   175 ;;
   176 ;; Critical Paths under _main in BANK0
   177 ;;
   178 ;;   None.
   179 ;;
   180 ;; Critical Paths under _main in BANK1
   181 ;;
   182 ;;   None.
   183 ;;
   184 ;; Critical Paths under _main in BANK3
   185 ;;
   186 ;;   None.
   187 ;;
   188 ;; Critical Paths under _main in BANK2
   189 ;;
   190 ;;   None.
   191                           
   192 ;;
   193 ;;Main: autosize = 0, tempsize = 4, incstack = 0, save=0
   194 ;;
   195                           
   196 ;;
   197 ;;Call Graph Tables:
   198 ;;
   199 ;; ---------------------------------------------------------------------------------
   200 ;; (Depth) Function   	        Calls       Base Space   Used Autos Params    Refs
   201 ;; ---------------------------------------------------------------------------------
   202 ;; (0) _main                                                16    16      0     114
   203 ;;                                              8 COMMON     4     4      0
   204 ;;                                              0 BANK0     12    12      0
   205 ;;                              _delay
   206 ;; ---------------------------------------------------------------------------------
   207 ;; (1) _delay                                                8     4      4      22
   208 ;;                                              0 COMMON     8     4      4
   209 ;; ---------------------------------------------------------------------------------
   210 ;; Estimated maximum stack depth 1
   211 ;; ---------------------------------------------------------------------------------
   212                           
   213 ;; Call Graph Graphs:
   214                           
   215 ;; _main (ROOT)
   216 ;;   _delay
   217 ;;
   218                           
   219 ;; Address spaces:
   220                           
   221 ;;Name               Size   Autos  Total    Cost      Usage
   222 ;;BANK3               60      0       0       9        0.0%
   223 ;;BITBANK3            60      0       0       8        0.0%
   224 ;;SFR3                 0      0       0       4        0.0%
   225 ;;BITSFR3              0      0       0       4        0.0%
   226 ;;BANK2               60      0       0      11        0.0%
   227 ;;BITBANK2            60      0       0      10        0.0%
   228 ;;SFR2                 0      0       0       5        0.0%
   229 ;;BITSFR2              0      0       0       5        0.0%
   230 ;;SFR1                 0      0       0       2        0.0%
   231 ;;BITSFR1              0      0       0       2        0.0%
   232 ;;BANK1               50      0       0       7        0.0%
   233 ;;BITBANK1            50      0       0       6        0.0%
   234 ;;CODE                 0      0       0       0        0.0%
   235 ;;DATA                 0      0      23      12        0.0%
   236 ;;ABS                  0      0      22       3        0.0%
   237 ;;NULL                 0      0       0       0        0.0%
   238 ;;STACK                0      0       1       2        0.0%
   239 ;;BANK0               50      C      16       5       27.5%
   240 ;;BITBANK0            50      0       0       4        0.0%
   241 ;;SFR0                 0      0       0       1        0.0%
   242 ;;BITSFR0              0      0       0       1        0.0%
   243 ;;COMMON               E      C       C       1       85.7%
   244 ;;BITCOMMON            E      0       0       0        0.0%
   245 ;;EEDATA             100      0       0       0        0.0%
   246                           
   247                           	global	_main
   248                           psect	maintext,global,class=CODE,delta=2
   249                           global __pmaintext
   250  0797                     __pmaintext:
   251                           
   252 ;; *************** function _main *****************
   253 ;; Defined at:
   254 ;;		line 15 in file "Z:\home\shivesh\Proteus 7.7 Professional\BIN\PROJECTS\Training_Project\Code\uart\uart_tx.c"
   255 ;; Parameters:    Size  Location     Type
   256 ;;		None
   257 ;; Auto vars:     Size  Location     Type
   258 ;;  i               2   10[BANK0 ] int 
   259 ;;  a              10    0[BANK0 ] unsigned char [10]
   260 ;; Return value:  Size  Location     Type
   261 ;;		None               void
   262 ;; Registers used:
   263 ;;		wreg, fsr0l, fsr0h, status,2, status,0, btemp+1, pclath, cstack
   264 ;; Tracked objects:
   265 ;;		On entry : 17F/0
   266 ;;		On exit  : 0/0
   267 ;;		Unchanged: 0/0
   268 ;; Data sizes:     COMMON   BANK0   BANK1   BANK3   BANK2
   269 ;;      Params:         0       0       0       0       0
   270 ;;      Locals:         0      12       0       0       0
   271 ;;      Temps:          4       0       0       0       0
   272 ;;      Totals:         4      12       0       0       0
   273 ;;Total ram usage:       16 bytes
   274 ;; Hardware stack levels required when called:    1
   275 ;; This function calls:
   276 ;;		_delay
   277 ;; This function is called by:
   278 ;;		Startup code after reset
   279 ;; This function uses a non-reentrant model
   280 ;;
   281                           psect	maintext
   282                           	file	"Z:\home\shivesh\Proteus 7.7 Professional\BIN\PROJECTS\Training_Project\Code\uart\
                                 uart_tx.c"
   283                           	line	15
   284                           	global	__size_of_main
   285  0069                     	__size_of_main	equ	__end_of_main-_main
   286                           	
   287  0797                     _main:	
   288                           	opt	stack 7
   289                           ; Regs used in _main: [wreg-fsr0h+status,2+status,0+btemp+1+pclath+cstack]
   290                           	line	16
   291                           	
   292  0797                     l2204:	
   293                           ;uart_tx.c: 16: TXSTA=0X24;
   294  0797  3024               	movlw	(024h)
   295  0798  1683               	bsf	status, 5	;RP0=1, select bank1
   296  0799  1303               	bcf	status, 6	;RP1=0, select bank1
   297  079A  0098               	movwf	(152)^080h	;volatile
   298                           	line	17
   299                           ;uart_tx.c: 17: SPBRG=25;
   300  079B  3019               	movlw	(019h)
   301  079C  0099               	movwf	(153)^080h	;volatile
   302                           	line	18
   303                           	
   304  079D                     l2206:	
   305                           ;uart_tx.c: 18: SPEN=1;
   306  079D  1283               	bcf	status, 5	;RP0=0, select bank0
   307  079E  1303               	bcf	status, 6	;RP1=0, select bank0
   308  079F  1798               	bsf	(199/8),(199)&7
   309                           	line	19
   310                           	
   311  07A0                     l2208:	
   312                           ;uart_tx.c: 19: char a[10]={0xBF,0X86,0XDB,0XCF,0XE6,0XED,0XFD,0X87,0XFF,0XEF};
   313  07A0  3020               	movlw	(main@a)&0ffh
   314  07A1  0084               	movwf	fsr0
   315  07A2  302C               	movlw	low(main@F1602)
   316  07A3  00F8               	movwf	(??_main+0)+0
   317  07A4  0804               	movf	fsr0,w
   318  07A5  00F9               	movwf	((??_main+0)+0+1)
   319  07A6  300A               	movlw	10
   320  07A7  00FA               	movwf	((??_main+0)+0+2)
   321  07A8                     u2220:
   322  07A8  0878               	movf	(??_main+0)+0,w
   323  07A9  0084               	movwf	fsr0
   324  07AA  1383               	bcf	status, 7	;select IRP bank0
   325                           	
   326  07AB  0800               	movf	indf,w
   327  07AC  00FB               	movwf	((??_main+0)+0+3)
   328  07AD  0AF8               	incf	(??_main+0)+0,f
   329  07AE  0879               	movf	((??_main+0)+0+1),w
   330  07AF  0084               	movwf	fsr0
   331                           	
   332  07B0  087B               	movf	((??_main+0)+0+3),w
   333  07B1  0080               	movwf	indf
   334  07B2  0AF9               	incf	((??_main+0)+0+1),f
   335  07B3  0BFA               	decfsz	((??_main+0)+0+2),f
   336  07B4  2FA8               	goto	u2220
   337  07B5  2FB6               	goto	l2210
   338                           	line	21
   339                           ;uart_tx.c: 21: while(1)
   340                           	
   341  07B6                     l1033:	
   342                           	line	23
   343                           	
   344  07B6                     l2210:	
   345                           ;uart_tx.c: 22: {
   346                           ;uart_tx.c: 23: for(int i=0;i<10;i++)
   347  07B6  1283               	bcf	status, 5	;RP0=0, select bank0
   348  07B7  1303               	bcf	status, 6	;RP1=0, select bank0
   349  07B8  01AA               	clrf	(main@i)
   350  07B9  01AB               	clrf	(main@i+1)
   351                           	
   352  07BA                     l2212:	
   353  07BA  082B               	movf	(main@i+1),w
   354  07BB  3A80               	xorlw	80h
   355  07BC  00FF               	movwf	btemp+1
   356  07BD  3080               	movlw	(high(0Ah))^80h
   357  07BE  027F               	subwf	btemp+1,w
   358  07BF  1D03               	skipz
   359  07C0  2FC3               	goto	u2235
   360  07C1  300A               	movlw	low(0Ah)
   361  07C2  022A               	subwf	(main@i),w
   362  07C3                     u2235:
   363                           
   364  07C3  1C03               	skipc
   365  07C4  2FC6               	goto	u2231
   366  07C5  2FC7               	goto	u2230
   367  07C6                     u2231:
   368  07C6  2FC9               	goto	l1034
   369  07C7                     u2230:
   370  07C7  2FB6               	goto	l2210
   371                           	
   372  07C8                     l2214:	
   373  07C8  2FB6               	goto	l2210
   374                           	line	24
   375                           	
   376  07C9                     l1034:	
   377                           	line	25
   378                           ;uart_tx.c: 24: {
   379                           ;uart_tx.c: 25: TXIF=0;
   380  07C9  1283               	bcf	status, 5	;RP0=0, select bank0
   381  07CA  1303               	bcf	status, 6	;RP1=0, select bank0
   382  07CB  120C               	bcf	(100/8),(100)&7
   383                           	line	26
   384                           	
   385  07CC                     l2216:	
   386                           ;uart_tx.c: 26: TXREG=a[i];
   387  07CC  082A               	movf	(main@i),w
   388  07CD  3E20               	addlw	main@a&0ffh
   389  07CE  0084               	movwf	fsr0
   390  07CF  1383               	bcf	status, 7	;select IRP bank0
   391  07D0  0800               	movf	indf,w
   392  07D1  0099               	movwf	(25)	;volatile
   393                           	line	27
   394                           ;uart_tx.c: 27: while(TXIF==0);
   395  07D2  2FD3               	goto	l1036
   396                           	
   397  07D3                     l1037:	
   398                           	
   399  07D3                     l1036:	
   400  07D3  1E0C               	btfss	(100/8),(100)&7
   401  07D4  2FD6               	goto	u2241
   402  07D5  2FD7               	goto	u2240
   403  07D6                     u2241:
   404  07D6  2FD3               	goto	l1036
   405  07D7                     u2240:
   406  07D7  2FD8               	goto	l2218
   407                           	
   408  07D8                     l1038:	
   409                           	line	28
   410                           	
   411  07D8                     l2218:	
   412                           ;uart_tx.c: 28: delay(10000);
   413  07D8  3000               	movlw	0
   414  07D9  00F3               	movwf	(?_delay+3)
   415  07DA  3000               	movlw	0
   416  07DB  00F2               	movwf	(?_delay+2)
   417  07DC  3027               	movlw	027h
   418  07DD  00F1               	movwf	(?_delay+1)
   419  07DE  3010               	movlw	010h
   420  07DF  00F0               	movwf	(?_delay)
   421                           
   422  07E0  120A  118A  2765   	fcall	_delay
              120A  118A         
   423                           	line	23
   424                           	
   425  07E5                     l2220:	
   426  07E5  3001               	movlw	low(01h)
   427  07E6  1283               	bcf	status, 5	;RP0=0, select bank0
   428  07E7  1303               	bcf	status, 6	;RP1=0, select bank0
   429  07E8  07AA               	addwf	(main@i),f
   430  07E9  1803               	skipnc
   431  07EA  0AAB               	incf	(main@i+1),f
   432  07EB  3000               	movlw	high(01h)
   433  07EC  07AB               	addwf	(main@i+1),f
   434                           	
   435  07ED                     l2222:	
   436  07ED  082B               	movf	(main@i+1),w
   437  07EE  3A80               	xorlw	80h
   438  07EF  00FF               	movwf	btemp+1
   439  07F0  3080               	movlw	(high(0Ah))^80h
   440  07F1  027F               	subwf	btemp+1,w
   441  07F2  1D03               	skipz
   442  07F3  2FF6               	goto	u2255
   443  07F4  300A               	movlw	low(0Ah)
   444  07F5  022A               	subwf	(main@i),w
   445  07F6                     u2255:
   446                           
   447  07F6  1C03               	skipc
   448  07F7  2FF9               	goto	u2251
   449  07F8  2FFA               	goto	u2250
   450  07F9                     u2251:
   451  07F9  2FC9               	goto	l1034
   452  07FA                     u2250:
   453  07FA  2FB6               	goto	l2210
   454                           	
   455  07FB                     l1035:	
   456  07FB  2FB6               	goto	l2210
   457                           	line	30
   458                           	
   459  07FC                     l1039:	
   460                           	line	21
   461  07FC  2FB6               	goto	l2210
   462                           	
   463  07FD                     l1040:	
   464                           	line	31
   465                           	
   466  07FD                     l1041:	
   467                           	global	start
   468  07FD  120A  118A  2800   	ljmp	start
   469                           	opt stack 0
   470                           GLOBAL	__end_of_main
   471  0800                     	__end_of_main:
   472 ;; =============== function _main ends ============
   473                           
   474                           	signat	_main,88
   475                           	global	_delay
   476                           psect	text73,local,class=CODE,delta=2
   477                           global __ptext73
   478  0765                     __ptext73:
   479                           
   480 ;; *************** function _delay *****************
   481 ;; Defined at:
   482 ;;		line 10 in file "Z:\home\shivesh\Proteus 7.7 Professional\BIN\PROJECTS\Training_Project\Code\uart\uart_tx.c"
   483 ;; Parameters:    Size  Location     Type
   484 ;;  x               4    0[COMMON] unsigned long 
   485 ;; Auto vars:     Size  Location     Type
   486 ;;		None
   487 ;; Return value:  Size  Location     Type
   488 ;;		None               void
   489 ;; Registers used:
   490 ;;		wreg
   491 ;; Tracked objects:
   492 ;;		On entry : 0/0
   493 ;;		On exit  : 0/0
   494 ;;		Unchanged: 0/0
   495 ;; Data sizes:     COMMON   BANK0   BANK1   BANK3   BANK2
   496 ;;      Params:         4       0       0       0       0
   497 ;;      Locals:         0       0       0       0       0
   498 ;;      Temps:          4       0       0       0       0
   499 ;;      Totals:         8       0       0       0       0
   500 ;;Total ram usage:        8 bytes
   501 ;; Hardware stack levels used:    1
   502 ;; This function calls:
   503 ;;		Nothing
   504 ;; This function is called by:
   505 ;;		_main
   506 ;; This function uses a non-reentrant model
   507 ;;
   508                           psect	text73
   509                           	file	"Z:\home\shivesh\Proteus 7.7 Professional\BIN\PROJECTS\Training_Project\Code\uart\
                                 uart_tx.c"
   510                           	line	10
   511                           	global	__size_of_delay
   512  0032                     	__size_of_delay	equ	__end_of_delay-_delay
   513                           	
   514  0765                     _delay:	
   515                           	opt	stack 7
   516                           ; Regs used in _delay: [wreg]
   517                           	line	11
   518                           	
   519  0765                     l2200:	
   520                           ;uart_tx.c: 11: while(x--);
   521  0765  2F67               	goto	l2202
   522                           	
   523  0766                     l1026:	
   524  0766  2F67               	goto	l2202
   525                           	
   526  0767                     l1025:	
   527                           	
   528  0767                     l2202:	
   529  0767  3001               	movlw	01h
   530  0768  00F4               	movwf	((??_delay+0)+0)
   531  0769  3000               	movlw	0
   532  076A  00F5               	movwf	((??_delay+0)+0+1)
   533  076B  3000               	movlw	0
   534  076C  00F6               	movwf	((??_delay+0)+0+2)
   535  076D  3000               	movlw	0
   536  076E  00F7               	movwf	((??_delay+0)+0+3)
   537  076F  0874               	movf	0+(??_delay+0)+0,w
   538  0770  02F0               	subwf	(delay@x),f
   539  0771  0875               	movf	1+(??_delay+0)+0,w
   540  0772  1C03               	skipc
   541  0773  0F75               	incfsz	1+(??_delay+0)+0,w
   542  0774  2F76               	goto	u2205
   543  0775  2F77               	goto	u2206
   544  0776                     u2205:
   545  0776  02F1               	subwf	(delay@x+1),f
   546  0777                     u2206:
   547  0777  0876               	movf	2+(??_delay+0)+0,w
   548  0778  1C03               	skipc
   549  0779  0F76               	incfsz	2+(??_delay+0)+0,w
   550  077A  2F7C               	goto	u2207
   551  077B  2F7D               	goto	u2208
   552  077C                     u2207:
   553  077C  02F2               	subwf	(delay@x+2),f
   554  077D                     u2208:
   555  077D  0877               	movf	3+(??_delay+0)+0,w
   556  077E  1C03               	skipc
   557  077F  0F77               	incfsz	3+(??_delay+0)+0,w
   558  0780  2F82               	goto	u2209
   559  0781  2F83               	goto	u2200
   560  0782                     u2209:
   561  0782  02F3               	subwf	(delay@x+3),f
   562  0783                     u2200:
   563                           
   564  0783  30FF               	movlw	0FFh
   565  0784  0673               	xorwf	((delay@x+3)),w
   566  0785  1D03               	skipz
   567  0786  2F91               	goto	u2215
   568  0787  30FF               	movlw	0FFh
   569  0788  0672               	xorwf	((delay@x+2)),w
   570  0789  1D03               	skipz
   571  078A  2F91               	goto	u2215
   572  078B  30FF               	movlw	0FFh
   573  078C  0671               	xorwf	((delay@x+1)),w
   574  078D  1D03               	skipz
   575  078E  2F91               	goto	u2215
   576  078F  30FF               	movlw	0FFh
   577  0790  0670               	xorwf	((delay@x)),w
   578  0791                     u2215:
   579  0791  1D03               	skipz
   580  0792  2F94               	goto	u2211
   581  0793  2F95               	goto	u2210
   582  0794                     u2211:
   583  0794  2F67               	goto	l2202
   584  0795                     u2210:
   585  0795  2F96               	goto	l1028
   586                           	
   587  0796                     l1027:	
   588                           	line	12
   589                           	
   590  0796                     l1028:	
   591  0796  0008               	return
   592                           	opt stack 0
   593                           GLOBAL	__end_of_delay
   594  0797                     	__end_of_delay:
   595 ;; =============== function _delay ends ============
   596                           
   597                           	signat	_delay,4216
   598                           psect	text74,local,class=CODE,delta=2
   599                           global __ptext74
   600  0000                     __ptext74:
   601                           	global	btemp
   602  007E                     	btemp set 07Eh
   603                           
   604                           	DABS	1,126,2	;btemp
   605                           	global	wtemp0
   606  007E                     	wtemp0 set btemp


HI-TECH Software PICC Macro Assembler V9.81 build 7503 
Symbol Table                                                                                   Sat Jul 22 10:59:04 2017

                   pc 0002                    fsr 0004                   fsr0 0004                   indf 0000  
                l1040 07FD                  l1025 0767                  l1041 07FD                  l1033 07B6  
                l1026 0766                  l1034 07C9                  l1027 0796                  l1035 07FB  
                l1028 0796                  l1036 07D3                  l1037 07D3                  l1038 07D8  
                l1039 07FC                  l2200 0765                  l2202 0767                  l2210 07B6  
                l2220 07E5                  l2212 07BA                  l2204 0797                  l2222 07ED  
                l2214 07C8                  l2206 079D                  l2216 07CC                  l2208 07A0  
                l2218 07D8                  u2200 0783                  u2210 0795                  u2211 0794  
                u2220 07A8                  u2205 0776                  u2206 0777                  u2230 07C7  
                u2215 0791                  u2207 077C                  u2231 07C6                  u2208 077D  
                u2240 07D7                  u2209 0782                  u2241 07D6                  u2250 07FA  
                u2251 07F9                  u2235 07C3                  u2255 07F6                  _SPEN 00C7  
                _TXIF 0064                  _main 0797                  btemp 007E                  start 0000  
               ?_main 0070                 _SPBRG 0099                 _TXREG 0019                 _TXSTA 0098  
               _delay 0765                 main@a 0020                 main@i 002A                 pclath 000A  
               status 0003                 wtemp0 007E          __end_of_main 0800                ??_main 0078  
              ?_delay 0070                delay@x 0070        __pcstackCOMMON 0070          __pidataBANK0 0738  
       __end_of_delay 0797               ??_delay 0074            __pmaintext 0797  end_of_initialization 0761  
             init_ram 0746   start_initialization 0753           __pdataBANK0 002C         __pcstackBANK0 0020  
      __size_of_delay 0032             main@F1602 002C             init_fetch 0742              __ptext73 0765  
            __ptext74 0000         __size_of_main 0069  
