

HI-TECH Software PIC LITE Macro Assembler V9.81 build 7503 
                                                                                               Sun Jun 18 14:08:16 2017

HI-TECH Software Omniscient Code Generator (Lite mode) build 7503
     1  0000                     opt subtitle "HI-TECH Software Omniscient Code Generator (Lite mode) build 7503"
     2                           
     3                           opt pagewidth 120
     4                           
     5                           	opt lm
     6                           
     7                           	processor	16F887
     8                           clrc	macro
     9                           	bcf	3,0
    10  0000                     	endm
    11                           clrz	macro
    12                           	bcf	3,2
    13  0000                     	endm
    14                           setc	macro
    15                           	bsf	3,0
    16  0000                     	endm
    17                           setz	macro
    18                           	bsf	3,2
    19  0000                     	endm
    20                           skipc	macro
    21                           	btfss	3,0
    22  0000                     	endm
    23                           skipz	macro
    24                           	btfss	3,2
    25  0000                     	endm
    26                           skipnc	macro
    27                           	btfsc	3,0
    28  0000                     	endm
    29                           skipnz	macro
    30                           	btfsc	3,2
    31  0000                     	endm
    32  0000                     indf	equ	0
    33  0000                     indf0	equ	0
    34  0002                     pc	equ	2
    35  0002                     pcl	equ	2
    36  0003                     status	equ	3
    37  0004                     fsr	equ	4
    38  0004                     fsr0	equ	4
    39  0001                     c	equ	1
    40  0000                     z	equ	0
    41  000A                     pclath	equ	10
    42                           	FNROOT	_main
    43                           	global	main@F1601
    44                           psect	idataBANK0,class=CODE,space=0,delta=2
    45                           global __pidataBANK0
    46  0740                     __pidataBANK0:
    47                           	file	"Z:\home\shivesh\Proteus 7.7 Professional\PROJECTS\Training_Project\Code\SSD\ssd_r
                                 ev.c"
    48                           	line	5
    49                           
    50                           ;initializer for main@F1601
    51  0740  34BF               	retlw	0BFh
    52  0741  3400               	retlw	0
    53                           
    54  0742  3486               	retlw	086h
    55  0743  3400               	retlw	0
    56                           
    57  0744  34DB               	retlw	0DBh
    58  0745  3400               	retlw	0
    59                           
    60  0746  34CF               	retlw	0CFh
    61  0747  3400               	retlw	0
    62                           
    63  0748  34E6               	retlw	0E6h
    64  0749  3400               	retlw	0
    65                           
    66  074A  34ED               	retlw	0EDh
    67  074B  3400               	retlw	0
    68                           
    69  074C  34FD               	retlw	0FDh
    70  074D  3400               	retlw	0
    71                           
    72  074E  3487               	retlw	087h
    73  074F  3400               	retlw	0
    74                           
    75  0750  34FF               	retlw	0FFh
    76  0751  3400               	retlw	0
    77                           
    78  0752  34EF               	retlw	0EFh
    79  0753  3400               	retlw	0
    80                           
    81                           	global	_PORTC
    82  0007                     _PORTC	set	7
    83                           	global	_TRISC
    84  0087                     _TRISC	set	135
    85                           	file	"ssd.as"
    86                           	line	#
    87                           psect cinit,class=CODE,delta=2
    88                           global start_initialization
    89  072E                     start_initialization:
    90                           
    91                           psect	dataBANK0,class=BANK0,space=1
    92                           global __pdataBANK0
    93  0038                     __pdataBANK0:
    94                           	file	"Z:\home\shivesh\Proteus 7.7 Professional\PROJECTS\Training_Project\Code\SSD\ssd_r
                                 ev.c"
    95  0038                     main@F1601:
    96  0038                            ds      20
    97                           
    98                           global btemp
    99                           psect inittext,class=CODE,delta=2
   100                           global init_fetch,btemp
   101                           ;	Called with low address in FSR and high address in W
   102  071D                     init_fetch:
   103  071D  087E               	movf btemp,w
   104  071E  008A               	movwf pclath
   105  071F  087F               	movf btemp+1,w
   106  0720  0082               	movwf pc
   107                           global init_ram
   108                           ;Called with:
   109                           ;	high address of idata address in btemp 
   110                           ;	low address of idata address in btemp+1 
   111                           ;	low address of data in FSR
   112                           ;	high address + 1 of data in btemp-1
   113  0721                     init_ram:
   114  0721  271D  120A  118A   	fcall init_fetch
   115  0724  0080               	movwf indf,f
   116  0725  0A84               	incf fsr,f
   117  0726  0804               	movf fsr,w
   118  0727  067D               	xorwf btemp-1,w
   119  0728  1903               	btfsc status,2
   120  0729  3400               	retlw 0
   121  072A  0AFF               	incf btemp+1,f
   122  072B  1903               	btfsc status,2
   123  072C  0AFE               	incf btemp,f
   124  072D  2F21               	goto init_ram
   125                           ; Initialize objects allocated to BANK0
   126                           psect cinit,class=CODE,delta=2
   127                           global init_ram, __pidataBANK0
   128  072E  1383               	bcf	status, 7	;select IRP bank0
   129  072F  304C               	movlw low(__pdataBANK0+20)
   130  0730  00FD               	movwf btemp-1,f
   131  0731  3007               	movlw high(__pidataBANK0)
   132  0732  00FE               	movwf btemp,f
   133  0733  3040               	movlw low(__pidataBANK0)
   134  0734  00FF               	movwf btemp+1,f
   135  0735  3038               	movlw low(__pdataBANK0)
   136  0736  0084               	movwf fsr,f
   137  0737  120A  118A  2721   	fcall init_ram
              120A  118A         
   138                           psect cinit,class=CODE,delta=2
   139                           global end_of_initialization
   140                           
   141                           ;End of C runtime variable initialization code
   142                           
   143  073C                     end_of_initialization:
   144  073C  0183               clrf status
   145  073D  120A  118A  2F54   ljmp _main	;jump to C main() function
   146                           psect	cstackCOMMON,class=COMMON,space=1
   147                           global __pcstackCOMMON
   148  0070                     __pcstackCOMMON:
   149                           	global	?_main
   150  0070                     ?_main:	; 0 bytes @ 0x0
   151                           	global	??_main
   152  0070                     ??_main:	; 0 bytes @ 0x0
   153  0070                     	ds	4
   154                           psect	cstackBANK0,class=BANK0,space=1
   155                           global __pcstackBANK0
   156  0020                     __pcstackBANK0:
   157                           	global	main@max
   158  0020                     main@max:	; 20 bytes @ 0x0
   159  0020                     	ds	20
   160                           	global	main@x
   161  0034                     main@x:	; 2 bytes @ 0x14
   162  0034                     	ds	2
   163                           	global	main@i
   164  0036                     main@i:	; 2 bytes @ 0x16
   165  0036                     	ds	2
   166 ;;Data sizes: Strings 0, constant 0, data 20, bss 0, persistent 0 stack 0
   167 ;;Auto spaces:   Size  Autos    Used
   168 ;; COMMON          14      4       4
   169 ;; BANK0           80     24      44
   170 ;; BANK1           80      0       0
   171 ;; BANK3           96      0       0
   172 ;; BANK2           96      0       0
   173                           
   174 ;;
   175 ;; Pointer list with targets:
   176                           
   177                           
   178                           
   179 ;;
   180 ;; Critical Paths under _main in COMMON
   181 ;;
   182 ;;   None.
   183 ;;
   184 ;; Critical Paths under _main in BANK0
   185 ;;
   186 ;;   None.
   187 ;;
   188 ;; Critical Paths under _main in BANK1
   189 ;;
   190 ;;   None.
   191 ;;
   192 ;; Critical Paths under _main in BANK3
   193 ;;
   194 ;;   None.
   195 ;;
   196 ;; Critical Paths under _main in BANK2
   197 ;;
   198 ;;   None.
   199                           
   200 ;;
   201 ;;Main: autosize = 0, tempsize = 4, incstack = 0, save=0
   202 ;;
   203                           
   204 ;;
   205 ;;Call Graph Tables:
   206 ;;
   207 ;; ---------------------------------------------------------------------------------
   208 ;; (Depth) Function   	        Calls       Base Space   Used Autos Params    Refs
   209 ;; ---------------------------------------------------------------------------------
   210 ;; (0) _main                                                30    30      0     231
   211 ;;                                              0 COMMON     4     4      0
   212 ;;                                              0 BANK0     24    24      0
   213 ;; ---------------------------------------------------------------------------------
   214 ;; Estimated maximum stack depth 0
   215 ;; ---------------------------------------------------------------------------------
   216                           
   217 ;; Call Graph Graphs:
   218                           
   219 ;; _main (ROOT)
   220 ;;
   221                           
   222 ;; Address spaces:
   223                           
   224 ;;Name               Size   Autos  Total    Cost      Usage
   225 ;;BANK3               60      0       0       9        0.0%
   226 ;;BITBANK3            60      0       0       8        0.0%
   227 ;;SFR3                 0      0       0       4        0.0%
   228 ;;BITSFR3              0      0       0       4        0.0%
   229 ;;BANK2               60      0       0      11        0.0%
   230 ;;BITBANK2            60      0       0      10        0.0%
   231 ;;SFR2                 0      0       0       5        0.0%
   232 ;;BITSFR2              0      0       0       5        0.0%
   233 ;;SFR1                 0      0       0       2        0.0%
   234 ;;BITSFR1              0      0       0       2        0.0%
   235 ;;BANK1               50      0       0       7        0.0%
   236 ;;BITBANK1            50      0       0       6        0.0%
   237 ;;CODE                 0      0       0       0        0.0%
   238 ;;DATA                 0      0      30      12        0.0%
   239 ;;ABS                  0      0      30       3        0.0%
   240 ;;NULL                 0      0       0       0        0.0%
   241 ;;STACK                0      0       0       2        0.0%
   242 ;;BANK0               50     18      2C       5       55.0%
   243 ;;BITBANK0            50      0       0       4        0.0%
   244 ;;SFR0                 0      0       0       1        0.0%
   245 ;;BITSFR0              0      0       0       1        0.0%
   246 ;;COMMON               E      4       4       1       28.6%
   247 ;;BITCOMMON            E      0       0       0        0.0%
   248 ;;EEDATA             100      0       0       0        0.0%
   249                           
   250                           	global	_main
   251                           psect	maintext,global,class=CODE,delta=2
   252                           global __pmaintext
   253  0754                     __pmaintext:
   254                           
   255 ;; *************** function _main *****************
   256 ;; Defined at:
   257 ;;		line 3 in file "Z:\home\shivesh\Proteus 7.7 Professional\PROJECTS\Training_Project\Code\SSD\ssd_rev.c"
   258 ;; Parameters:    Size  Location     Type
   259 ;;		None
   260 ;; Auto vars:     Size  Location     Type
   261 ;;  max            20    0[BANK0 ] int [10]
   262 ;;  i               2   22[BANK0 ] int 
   263 ;;  x               2   20[BANK0 ] int 
   264 ;;  press           2    0        int 
   265 ;; Return value:  Size  Location     Type
   266 ;;		None               void
   267 ;; Registers used:
   268 ;;		wreg, fsr0l, fsr0h, status,2, status,0, btemp+1
   269 ;; Tracked objects:
   270 ;;		On entry : 17F/0
   271 ;;		On exit  : 0/0
   272 ;;		Unchanged: 0/0
   273 ;; Data sizes:     COMMON   BANK0   BANK1   BANK3   BANK2
   274 ;;      Params:         0       0       0       0       0
   275 ;;      Locals:         0      24       0       0       0
   276 ;;      Temps:          4       0       0       0       0
   277 ;;      Totals:         4      24       0       0       0
   278 ;;Total ram usage:       28 bytes
   279 ;; This function calls:
   280 ;;		Nothing
   281 ;; This function is called by:
   282 ;;		Startup code after reset
   283 ;; This function uses a non-reentrant model
   284 ;;
   285                           psect	maintext
   286                           	file	"Z:\home\shivesh\Proteus 7.7 Professional\PROJECTS\Training_Project\Code\SSD\ssd_r
                                 ev.c"
   287                           	line	3
   288                           	global	__size_of_main
   289  00AC                     	__size_of_main	equ	__end_of_main-_main
   290                           	
   291  0754                     _main:	
   292                           	opt	stack 8
   293                           ; Regs used in _main: [wreg-fsr0h+status,2+status,0+btemp+1]
   294                           	line	16
   295                           	
   296  0754                     l2211:	
   297                           ;ssd_rev.c: 4: int press;
   298                           ;ssd_rev.c: 5: int max[]={
   299                           ;ssd_rev.c: 6: 0b10111111,
   300                           ;ssd_rev.c: 7: 0b10000110,
   301                           ;ssd_rev.c: 8: 0b11011011,
   302                           ;ssd_rev.c: 9: 0b11001111,
   303                           ;ssd_rev.c: 10: 0b11100110,
   304                           ;ssd_rev.c: 11: 0b11101101,
   305                           ;ssd_rev.c: 12: 0b11111101,
   306                           ;ssd_rev.c: 13: 0b10000111,
   307                           ;ssd_rev.c: 14: 0b11111111,
   308                           ;ssd_rev.c: 15: 0b11101111
   309                           ;ssd_rev.c: 16: };
   310  0754  3020               	movlw	(main@max)&0ffh
   311  0755  0084               	movwf	fsr0
   312  0756  3038               	movlw	low(main@F1601)
   313  0757  00F0               	movwf	(??_main+0)+0
   314  0758  0804               	movf	fsr0,w
   315  0759  00F1               	movwf	((??_main+0)+0+1)
   316  075A  3014               	movlw	20
   317  075B  00F2               	movwf	((??_main+0)+0+2)
   318  075C                     u2210:
   319  075C  0870               	movf	(??_main+0)+0,w
   320  075D  0084               	movwf	fsr0
   321  075E  1383               	bcf	status, 7	;select IRP bank0
   322                           	
   323  075F  0800               	movf	indf,w
   324  0760  00F3               	movwf	((??_main+0)+0+3)
   325  0761  0AF0               	incf	(??_main+0)+0,f
   326  0762  0871               	movf	((??_main+0)+0+1),w
   327  0763  0084               	movwf	fsr0
   328                           	
   329  0764  0873               	movf	((??_main+0)+0+3),w
   330  0765  0080               	movwf	indf
   331  0766  0AF1               	incf	((??_main+0)+0+1),f
   332  0767  0BF2               	decfsz	((??_main+0)+0+2),f
   333  0768  2F5C               	goto	u2210
   334                           	line	18
   335                           	
   336  0769                     l2213:	
   337                           ;ssd_rev.c: 18: int i=0;
   338  0769  1283               	bcf	status, 5	;RP0=0, select bank0
   339  076A  1303               	bcf	status, 6	;RP1=0, select bank0
   340  076B  01B6               	clrf	(main@i)
   341  076C  01B7               	clrf	(main@i+1)
   342                           	line	19
   343                           	
   344  076D                     l2215:	
   345                           ;ssd_rev.c: 19: int x=10000;
   346  076D  3010               	movlw	low(02710h)
   347  076E  00B4               	movwf	(main@x)
   348  076F  3027               	movlw	high(02710h)
   349  0770  00B5               	movwf	((main@x))+1
   350                           	line	20
   351                           	
   352  0771                     l2217:	
   353                           ;ssd_rev.c: 20: TRISC=0x00;
   354  0771  1683               	bsf	status, 5	;RP0=1, select bank1
   355  0772  1303               	bcf	status, 6	;RP1=0, select bank1
   356  0773  0187               	clrf	(135)^080h	;volatile
   357  0774  2F75               	goto	l2219
   358                           	line	22
   359                           ;ssd_rev.c: 22: while(1){
   360                           	
   361  0775                     l1027:	
   362                           	line	23
   363                           	
   364  0775                     l2219:	
   365                           ;ssd_rev.c: 23: for(i=0;i<10;i++){
   366  0775  1283               	bcf	status, 5	;RP0=0, select bank0
   367  0776  1303               	bcf	status, 6	;RP1=0, select bank0
   368  0777  01B6               	clrf	(main@i)
   369  0778  01B7               	clrf	(main@i+1)
   370                           	
   371  0779                     l2221:	
   372  0779  0837               	movf	(main@i+1),w
   373  077A  3A80               	xorlw	80h
   374  077B  00FF               	movwf	btemp+1
   375  077C  3080               	movlw	(high(0Ah))^80h
   376  077D  027F               	subwf	btemp+1,w
   377  077E  1D03               	skipz
   378  077F  2F82               	goto	u2225
   379  0780  300A               	movlw	low(0Ah)
   380  0781  0236               	subwf	(main@i),w
   381  0782                     u2225:
   382                           
   383  0782  1C03               	skipc
   384  0783  2F85               	goto	u2221
   385  0784  2F86               	goto	u2220
   386  0785                     u2221:
   387  0785  2F88               	goto	l2225
   388  0786                     u2220:
   389  0786  2FB7               	goto	l2233
   390                           	
   391  0787                     l2223:	
   392  0787  2FB7               	goto	l2233
   393                           	
   394  0788                     l1028:	
   395                           	line	24
   396                           	
   397  0788                     l2225:	
   398                           ;ssd_rev.c: 24: PORTC=max[i];;
   399  0788  1283               	bcf	status, 5	;RP0=0, select bank0
   400  0789  1303               	bcf	status, 6	;RP1=0, select bank0
   401  078A  0836               	movf	(main@i),w
   402  078B  00F0               	movwf	(??_main+0)+0
   403  078C  0770               	addwf	(??_main+0)+0,w
   404  078D  3E20               	addlw	main@max&0ffh
   405  078E  0084               	movwf	fsr0
   406  078F  1383               	bcf	status, 7	;select IRP bank0
   407  0790  0800               	movf	indf,w
   408  0791  0087               	movwf	(7)	;volatile
   409                           	line	26
   410                           ;ssd_rev.c: 26: while(x-->0);
   411  0792  2F94               	goto	l2227
   412                           	
   413  0793                     l1031:	
   414  0793  2F94               	goto	l2227
   415                           	
   416  0794                     l1030:	
   417                           	
   418  0794                     l2227:	
   419  0794  30FF               	movlw	low(-1)
   420  0795  07B4               	addwf	(main@x),f
   421  0796  1803               	skipnc
   422  0797  0AB5               	incf	(main@x+1),f
   423  0798  30FF               	movlw	high(-1)
   424  0799  07B5               	addwf	(main@x+1),f
   425  079A  1FB5               	btfss	((main@x+1)),7
   426  079B  2F9D               	goto	u2231
   427  079C  2F9E               	goto	u2230
   428  079D                     u2231:
   429  079D  2F94               	goto	l2227
   430  079E                     u2230:
   431  079E  2F9F               	goto	l2229
   432                           	
   433  079F                     l1032:	
   434                           	line	27
   435                           	
   436  079F                     l2229:	
   437                           ;ssd_rev.c: 27: x=10000;
   438  079F  3010               	movlw	low(02710h)
   439  07A0  00B4               	movwf	(main@x)
   440  07A1  3027               	movlw	high(02710h)
   441  07A2  00B5               	movwf	((main@x))+1
   442                           	line	23
   443  07A3  3001               	movlw	low(01h)
   444  07A4  07B6               	addwf	(main@i),f
   445  07A5  1803               	skipnc
   446  07A6  0AB7               	incf	(main@i+1),f
   447  07A7  3000               	movlw	high(01h)
   448  07A8  07B7               	addwf	(main@i+1),f
   449                           	
   450  07A9                     l2231:	
   451  07A9  0837               	movf	(main@i+1),w
   452  07AA  3A80               	xorlw	80h
   453  07AB  00FF               	movwf	btemp+1
   454  07AC  3080               	movlw	(high(0Ah))^80h
   455  07AD  027F               	subwf	btemp+1,w
   456  07AE  1D03               	skipz
   457  07AF  2FB2               	goto	u2245
   458  07B0  300A               	movlw	low(0Ah)
   459  07B1  0236               	subwf	(main@i),w
   460  07B2                     u2245:
   461                           
   462  07B2  1C03               	skipc
   463  07B3  2FB5               	goto	u2241
   464  07B4  2FB6               	goto	u2240
   465  07B5                     u2241:
   466  07B5  2F88               	goto	l2225
   467  07B6                     u2240:
   468  07B6  2FB7               	goto	l2233
   469                           	
   470  07B7                     l1029:	
   471                           	line	31
   472                           	
   473  07B7                     l2233:	
   474                           ;ssd_rev.c: 28: }
   475                           ;ssd_rev.c: 31: for(i=9;i>0;i--){
   476  07B7  3009               	movlw	low(09h)
   477  07B8  1283               	bcf	status, 5	;RP0=0, select bank0
   478  07B9  1303               	bcf	status, 6	;RP1=0, select bank0
   479  07BA  00B6               	movwf	(main@i)
   480  07BB  3000               	movlw	high(09h)
   481  07BC  00B7               	movwf	((main@i))+1
   482                           	
   483  07BD                     l2235:	
   484  07BD  0837               	movf	(main@i+1),w
   485  07BE  3A80               	xorlw	80h
   486  07BF  00FF               	movwf	btemp+1
   487  07C0  3080               	movlw	(high(01h))^80h
   488  07C1  027F               	subwf	btemp+1,w
   489  07C2  1D03               	skipz
   490  07C3  2FC6               	goto	u2255
   491  07C4  3001               	movlw	low(01h)
   492  07C5  0236               	subwf	(main@i),w
   493  07C6                     u2255:
   494                           
   495  07C6  1803               	skipnc
   496  07C7  2FC9               	goto	u2251
   497  07C8  2FCA               	goto	u2250
   498  07C9                     u2251:
   499  07C9  2FCC               	goto	l2239
   500  07CA                     u2250:
   501  07CA  2F75               	goto	l2219
   502                           	
   503  07CB                     l2237:	
   504  07CB  2F75               	goto	l2219
   505                           	
   506  07CC                     l1033:	
   507                           	line	32
   508                           	
   509  07CC                     l2239:	
   510                           ;ssd_rev.c: 32: PORTC=max[i];;
   511  07CC  1283               	bcf	status, 5	;RP0=0, select bank0
   512  07CD  1303               	bcf	status, 6	;RP1=0, select bank0
   513  07CE  0836               	movf	(main@i),w
   514  07CF  00F0               	movwf	(??_main+0)+0
   515  07D0  0770               	addwf	(??_main+0)+0,w
   516  07D1  3E20               	addlw	main@max&0ffh
   517  07D2  0084               	movwf	fsr0
   518  07D3  1383               	bcf	status, 7	;select IRP bank0
   519  07D4  0800               	movf	indf,w
   520  07D5  0087               	movwf	(7)	;volatile
   521                           	line	34
   522                           ;ssd_rev.c: 34: while(x-->0);
   523  07D6  2FD8               	goto	l2241
   524                           	
   525  07D7                     l1036:	
   526  07D7  2FD8               	goto	l2241
   527                           	
   528  07D8                     l1035:	
   529                           	
   530  07D8                     l2241:	
   531  07D8  30FF               	movlw	low(-1)
   532  07D9  07B4               	addwf	(main@x),f
   533  07DA  1803               	skipnc
   534  07DB  0AB5               	incf	(main@x+1),f
   535  07DC  30FF               	movlw	high(-1)
   536  07DD  07B5               	addwf	(main@x+1),f
   537  07DE  1FB5               	btfss	((main@x+1)),7
   538  07DF  2FE1               	goto	u2261
   539  07E0  2FE2               	goto	u2260
   540  07E1                     u2261:
   541  07E1  2FD8               	goto	l2241
   542  07E2                     u2260:
   543  07E2  2FE3               	goto	l2243
   544                           	
   545  07E3                     l1037:	
   546                           	line	35
   547                           	
   548  07E3                     l2243:	
   549                           ;ssd_rev.c: 35: x=10000;
   550  07E3  3010               	movlw	low(02710h)
   551  07E4  00B4               	movwf	(main@x)
   552  07E5  3027               	movlw	high(02710h)
   553  07E6  00B5               	movwf	((main@x))+1
   554                           	line	31
   555  07E7  30FF               	movlw	low(-1)
   556  07E8  07B6               	addwf	(main@i),f
   557  07E9  1803               	skipnc
   558  07EA  0AB7               	incf	(main@i+1),f
   559  07EB  30FF               	movlw	high(-1)
   560  07EC  07B7               	addwf	(main@i+1),f
   561                           	
   562  07ED                     l2245:	
   563  07ED  0837               	movf	(main@i+1),w
   564  07EE  3A80               	xorlw	80h
   565  07EF  00FF               	movwf	btemp+1
   566  07F0  3080               	movlw	(high(01h))^80h
   567  07F1  027F               	subwf	btemp+1,w
   568  07F2  1D03               	skipz
   569  07F3  2FF6               	goto	u2275
   570  07F4  3001               	movlw	low(01h)
   571  07F5  0236               	subwf	(main@i),w
   572  07F6                     u2275:
   573                           
   574  07F6  1803               	skipnc
   575  07F7  2FF9               	goto	u2271
   576  07F8  2FFA               	goto	u2270
   577  07F9                     u2271:
   578  07F9  2FCC               	goto	l2239
   579  07FA                     u2270:
   580  07FA  2F75               	goto	l2219
   581                           	
   582  07FB                     l1034:	
   583  07FB  2F75               	goto	l2219
   584                           	line	40
   585                           	
   586  07FC                     l1038:	
   587                           	line	22
   588  07FC  2F75               	goto	l2219
   589                           	
   590  07FD                     l1039:	
   591                           	line	45
   592                           	
   593  07FD                     l1040:	
   594                           	global	start
   595  07FD  120A  118A  2800   	ljmp	start
   596                           	opt stack 0
   597                           GLOBAL	__end_of_main
   598  0800                     	__end_of_main:
   599 ;; =============== function _main ends ============
   600                           
   601                           	signat	_main,88
   602                           psect	maintext
   603                           	global	btemp
   604  007E                     	btemp set 07Eh
   605                           
   606                           	DABS	1,126,2	;btemp
   607                           	global	wtemp0
   608  007E                     	wtemp0 set btemp


HI-TECH Software PICC Macro Assembler V9.81 build 7503 
Symbol Table                                                                                   Sun Jun 18 14:08:16 2017

                   pc 0002                    fsr 0004                   fsr0 0004                   indf 0000  
                l1030 0794                  l1031 0793                  l1040 07FD                  l1032 079F  
                l1033 07CC                  l1034 07FB                  l1035 07D8                  l1027 0775  
                l1036 07D7                  l1028 0788                  l1037 07E3                  l1029 07B7  
                l1038 07FC                  l1039 07FD                  l2211 0754                  l2221 0779  
                l2213 0769                  l2231 07A9                  l2223 0787                  l2215 076D  
                l2241 07D8                  l2233 07B7                  l2225 0788                  l2217 0771  
                l2243 07E3                  l2235 07BD                  l2227 0794                  l2219 0775  
                l2245 07ED                  l2237 07CB                  l2229 079F                  l2239 07CC  
                u2210 075C                  u2220 0786                  u2221 0785                  u2230 079E  
                u2231 079D                  u2240 07B6                  u2241 07B5                  u2225 0782  
                u2250 07CA                  u2251 07C9                  u2260 07E2                  u2261 07E1  
                u2245 07B2                  u2270 07FA                  u2271 07F9                  u2255 07C6  
                u2275 07F6                  _main 0754                  btemp 007E                  start 0000  
               ?_main 0070                 _PORTC 0007                 _TRISC 0087                 main@i 0036  
               main@x 0034                 pclath 000A                 status 0003                 wtemp0 007E  
        __end_of_main 0800                ??_main 0070        __pcstackCOMMON 0070          __pidataBANK0 0740  
          __pmaintext 0754               main@max 0020  end_of_initialization 073C               init_ram 0721  
 start_initialization 072E           __pdataBANK0 0038         __pcstackBANK0 0020             main@F1601 0038  
           init_fetch 071D         __size_of_main 00AC  
